Removed Pin From Net: NetName=XTAL IN Pin=U?-15
Removed Pin From Net: NetName=+3V3 Pin=U?-16
Removed Pin From Net: NetName=XTAL IN Pin=U?-27
Removed Pin From Net: NetName=+3V3 Pin=U?-29
Removed Pin From Net: NetName=XTAL IN Pin=U?-31
Removed Pin From Net: NetName=+3V3 Pin=U?-32
Removed Pin From Net: NetName=XTAL IN Pin=U?-47
Removed Pin From Net: NetName=+3V3 Pin=U?-48
Removed Pin From Net: NetName=XTAL IN Pin=U?-63
Removed Pin From Net: NetName=+3V3 Pin=U?-64
Removed Member From Class: ClassName=U_stmschematic Member=U?
Change Component Footprint: Designator=napajalnik1 Old Footprint=691321100002 New Footprint=691321100002
Change Component Footprint: Designator=W1_U_rele1 Old Footprint=691321100002 New Footprint=691321100002
Change Component Footprint: Designator=W1_U_rele2 Old Footprint=691321100002 New Footprint=691321100002
Change Component Footprint: Designator=W1_U_rele3 Old Footprint=691321100002 New Footprint=691321100002
Change Component Footprint: Designator=W1_U_rele4 Old Footprint=691321100002 New Footprint=691321100002
Change Component Footprint: Designator=W1_U_rele5 Old Footprint=691321100002 New Footprint=691321100002
Change Component Footprint: Designator=W1_U_rele6 Old Footprint=691321100002 New Footprint=691321100002
Change Component Footprint: Designator=W1_U_rele7 Old Footprint=691321100002 New Footprint=691321100002
Change Component Footprint: Designator=W1_U_rele8 Old Footprint=691321100002 New Footprint=691321100002
Change Component Footprint: Designator=W1_U_rele9 Old Footprint=691321100002 New Footprint=691321100002
Change Component Footprint: Designator=W1_U_rele10 Old Footprint=691321100002 New Footprint=691321100002
Change Component Footprint: Designator=W1_U_rele11 Old Footprint=691321100002 New Footprint=691321100002
Change Component Footprint: Designator=AS1_U_SensorADC1 Old Footprint=691321100003 New Footprint=691321100003
Change Component Footprint: Designator=AS1_U_SensorADC2 Old Footprint=691321100003 New Footprint=691321100003
Change Component Footprint: Designator=AS1_U_SensorADC3 Old Footprint=691321100003 New Footprint=691321100003
Change Component Footprint: Designator=AS1_U_SensorADC4 Old Footprint=691321100003 New Footprint=691321100003
Change Component Footprint: Designator=CAN1 Old Footprint=691321100003 New Footprint=691321100003
Change Component Footprint: Designator=pressure1_U_i2csensor1 Old Footprint=691321100004 New Footprint=691321100004
Change Component Footprint: Designator=pressure1_U_i2csensor2 Old Footprint=691321100004 New Footprint=691321100004
Change Component Footprint: Designator=pressure1_U_i2csensor3 Old Footprint=691321100004 New Footprint=691321100004
Change Component Footprint: Designator=pressure1_U_i2csensor4 Old Footprint=691321100004 New Footprint=691321100004
Change Component Footprint: Designator=pressure1_U_i2csensor5 Old Footprint=691321100004 New Footprint=691321100004
Change Component Footprint: Designator=pressure1_U_i2csensor6 Old Footprint=691321100004 New Footprint=691321100004
Change Component Footprint: Designator=pressure1_U_i2csensor7 Old Footprint=691321100004 New Footprint=691321100004
Change Component Footprint: Designator=pressure1_U_i2csensor8 Old Footprint=691321100004 New Footprint=691321100004
Change Component Footprint: Designator=D? Old Footprint=WL-SMCW_0805_150080xx75000 New Footprint=WL-SMCW_0805_150080xx75000
Change Component Designator: OldDesignator=C? NewDesignator=C22
Change Component Designator: OldDesignator=C? NewDesignator=C23
Change Component Designator: OldDesignator=C? NewDesignator=C24
Change Component Designator: OldDesignator=C? NewDesignator=C25
Change Component Designator: OldDesignator=C? NewDesignator=C26
Change Component Designator: OldDesignator=C? NewDesignator=C27
Change Component Designator: OldDesignator=C? NewDesignator=C28
Change Component Designator: OldDesignator=C? NewDesignator=C29
Change Component Designator: OldDesignator=C? NewDesignator=C30
Change Component Designator: OldDesignator=C? NewDesignator=C31
Change Component Designator: OldDesignator=C? NewDesignator=C32
Change Component Designator: OldDesignator=D? NewDesignator=D3
Change Component Designator: OldDesignator=R? NewDesignator=R8
Change Component Designator: OldDesignator=R? NewDesignator=R9
Change Component Designator: OldDesignator=R? NewDesignator=R10
Change Component Designator: OldDesignator=R? NewDesignator=R11
Change Component Designator: OldDesignator=U? NewDesignator=U1
Change Component Designator: OldDesignator=U? NewDesignator=U5
Change Component Designator: OldDesignator=X? NewDesignator=X2
Change Component Designator: OldDesignator=Y? NewDesignator=Y1
Add Component: Footprint Not Found WL-SMCW_0603_150060xx75000
Add Component: Footprint Not Found TC2030-IDC-NL
Add Component: Footprint Not Found SOT23
Add Component: Footprint Not Found SOT23
Add Component: Footprint Not Found SOT23
Add Component: Footprint Not Found SOT23
Add Component: Footprint Not Found SOT23
Add Component: Footprint Not Found SOT23
Add Component: Footprint Not Found SOT23
Add Component: Footprint Not Found SOT23
Add Component: Footprint Not Found SOT23
Add Component: Footprint Not Found SOT23
Add Component: Footprint Not Found SOT23
Add Component: Footprint Not Found SOT23
Add Component: Footprint Not Found DIL28-3
Add Component: Footprint Not Found XTAL
Add Pin To Net: Unknown Pin: Pin D2-1
Add Pin To Net: Unknown Pin: Pin D2-2
Add Pin To Net: Unknown Pin: Pin J1-1
Add Pin To Net: Unknown Pin: Pin J1-2
Add Pin To Net: Unknown Pin: Pin J1-3
Add Pin To Net: Unknown Pin: Pin J1-4
Add Pin To Net: Unknown Pin: Pin J1-5
Add Pin To Net: Unknown Pin: Pin J1-6
Add Pin To Net: Unknown Pin: Pin Q1-1
Add Pin To Net: Unknown Pin: Pin Q1-2
Add Pin To Net: Unknown Pin: Pin Q1-3
Add Pin To Net: Unknown Pin: Pin Q2_U_rele1-1
Add Pin To Net: Unknown Pin: Pin Q2_U_rele1-2
Add Pin To Net: Unknown Pin: Pin Q2_U_rele1-3
Add Pin To Net: Unknown Pin: Pin Q2_U_rele2-1
Add Pin To Net: Unknown Pin: Pin Q2_U_rele2-2
Add Pin To Net: Unknown Pin: Pin Q2_U_rele2-3
Add Pin To Net: Unknown Pin: Pin Q2_U_rele3-1
Add Pin To Net: Unknown Pin: Pin Q2_U_rele3-2
Add Pin To Net: Unknown Pin: Pin Q2_U_rele3-3
Add Pin To Net: Unknown Pin: Pin Q2_U_rele4-1
Add Pin To Net: Unknown Pin: Pin Q2_U_rele4-2
Add Pin To Net: Unknown Pin: Pin Q2_U_rele4-3
Add Pin To Net: Unknown Pin: Pin Q2_U_rele5-1
Add Pin To Net: Unknown Pin: Pin Q2_U_rele5-2
Add Pin To Net: Unknown Pin: Pin Q2_U_rele5-3
Add Pin To Net: Unknown Pin: Pin Q2_U_rele6-1
Add Pin To Net: Unknown Pin: Pin Q2_U_rele6-2
Add Pin To Net: Unknown Pin: Pin Q2_U_rele6-3
Add Pin To Net: Unknown Pin: Pin Q2_U_rele7-1
Add Pin To Net: Unknown Pin: Pin Q2_U_rele7-2
Add Pin To Net: Unknown Pin: Pin Q2_U_rele7-3
Add Pin To Net: Unknown Pin: Pin Q2_U_rele8-1
Add Pin To Net: Unknown Pin: Pin Q2_U_rele8-2
Add Pin To Net: Unknown Pin: Pin Q2_U_rele8-3
Add Pin To Net: Unknown Pin: Pin Q2_U_rele9-1
Add Pin To Net: Unknown Pin: Pin Q2_U_rele9-2
Add Pin To Net: Unknown Pin: Pin Q2_U_rele9-3
Add Pin To Net: Unknown Pin: Pin Q2_U_rele10-1
Add Pin To Net: Unknown Pin: Pin Q2_U_rele10-2
Add Pin To Net: Unknown Pin: Pin Q2_U_rele10-3
Add Pin To Net: Unknown Pin: Pin Q2_U_rele11-1
Add Pin To Net: Unknown Pin: Pin Q2_U_rele11-2
Add Pin To Net: Unknown Pin: Pin Q2_U_rele11-3
Add Pin To Net: Unknown Pin: Pin U3-1
Add Pin To Net: Unknown Pin: Pin U3-2
Add Pin To Net: Unknown Pin: Pin U3-3
Add Pin To Net: Unknown Pin: Pin U3-4
Add Pin To Net: Unknown Pin: Pin U3-5
Add Pin To Net: Unknown Pin: Pin U3-6
Add Pin To Net: Unknown Pin: Pin U3-7
Add Pin To Net: Unknown Pin: Pin U3-8
Add Pin To Net: Unknown Pin: Pin U3-9
Add Pin To Net: Unknown Pin: Pin U3-10
Add Pin To Net: Unknown Pin: Pin U3-11
Add Pin To Net: Unknown Pin: Pin U3-12
Add Pin To Net: Unknown Pin: Pin U3-13
Add Pin To Net: Unknown Pin: Pin U3-14
Add Pin To Net: Unknown Pin: Pin U3-15
Add Pin To Net: Unknown Pin: Pin U3-16
Add Pin To Net: Unknown Pin: Pin U3-17
Add Pin To Net: Unknown Pin: Pin U3-18
Add Pin To Net: Unknown Pin: Pin U3-19
Add Pin To Net: Unknown Pin: Pin U3-20
Add Pin To Net: Unknown Pin: Pin U3-21
Add Pin To Net: Unknown Pin: Pin U3-22
Add Pin To Net: Unknown Pin: Pin U3-23
Add Pin To Net: Unknown Pin: Pin U3-24
Add Pin To Net: Unknown Pin: Pin U3-25
Add Pin To Net: Unknown Pin: Pin U3-26
Add Pin To Net: Unknown Pin: Pin U3-27
Add Pin To Net: Unknown Pin: Pin U3-28
Added Pin To Net: NetName=XTAL IN Pin=U5-15
Added Pin To Net: NetName=+3V3 Pin=U5-16
Added Pin To Net: NetName=XTAL IN Pin=U5-27
Added Pin To Net: NetName=+3V3 Pin=U5-29
Added Pin To Net: NetName=XTAL IN Pin=U5-31
Added Pin To Net: NetName=+3V3 Pin=U5-32
Added Pin To Net: NetName=XTAL IN Pin=U5-47
Added Pin To Net: NetName=+3V3 Pin=U5-48
Added Pin To Net: NetName=XTAL IN Pin=U5-63
Added Pin To Net: NetName=+3V3 Pin=U5-64
Add Pin To Net: Unknown Pin: Pin X1-1
Add Pin To Net: Unknown Pin: Pin X1-2
Change Net Name : Old Net Name=NetC?_2 New Net Name=NetC24_2
Change Net Name : Old Net Name=NetD?_2 New Net Name=NetD3_2
Change Net Name : Old Net Name=NetR?_1 New Net Name=NetR10_1
Added Pin To Net: NetName=NetC22_2 Pin=C22-2
Added Pin To Net: NetName=NetC22_2 Pin=U5-3
Added Pin To Net: NetName=NetC22_2 Pin=Y1-1
Added Net: Name=NetC22_2
Added Member To Class: ClassName=U_stmschematic Member=Component C22 100pF
Added Member To Class: ClassName=U_stmschematic Member=Component C23 2.2uF
Added Member To Class: ClassName=U_stmschematic Member=Component C24 100pF
Added Member To Class: ClassName=U_stmschematic Member=Component C25 10p
Added Member To Class: ClassName=U_stmschematic Member=Component C26 10p
Added Member To Class: ClassName=U_stmschematic Member=Component C27 100n
Added Member To Class: ClassName=U_stmschematic Member=Component C28 100n
Added Member To Class: ClassName=U_stmschematic Member=Component C29 100n
Added Member To Class: ClassName=U_stmschematic Member=Component C30 100n
Added Member To Class: ClassName=U_stmschematic Member=Component C31 100n
Add Class Member: Failed to add class member : Component D2 Amber, 2V, 140°
Add Class Member: Failed to add class member : Component J1 TC2030-CTX
Add Class Member: Failed to add class member : Component Q1 SI2323DS-T1-GE3
Add Class Member: Failed to add class member : Component Q2_U_rele1 (Q2) SI2323DS-T1-GE3
Add Class Member: Failed to add class member : Component Q2_U_rele2 (Q2) SI2323DS-T1-GE3
Add Class Member: Failed to add class member : Component Q2_U_rele3 (Q2) SI2323DS-T1-GE3
Add Class Member: Failed to add class member : Component Q2_U_rele4 (Q2) SI2323DS-T1-GE3
Add Class Member: Failed to add class member : Component Q2_U_rele5 (Q2) SI2323DS-T1-GE3
Add Class Member: Failed to add class member : Component Q2_U_rele6 (Q2) SI2323DS-T1-GE3
Add Class Member: Failed to add class member : Component Q2_U_rele7 (Q2) SI2323DS-T1-GE3
Add Class Member: Failed to add class member : Component Q2_U_rele8 (Q2) SI2323DS-T1-GE3
Add Class Member: Failed to add class member : Component Q2_U_rele9 (Q2) SI2323DS-T1-GE3
Add Class Member: Failed to add class member : Component Q2_U_rele10 (Q2) SI2323DS-T1-GE3
Add Class Member: Failed to add class member : Component Q2_U_rele11 (Q2) SI2323DS-T1-GE3
Added Member To Class: ClassName=U_stmschematic Member=Component R8 10k
Added Member To Class: ClassName=U_stmschematic Member=Component R9 0
Added Member To Class: ClassName=U_stmschematic Member=Component R10 10k
Add Class Member: Failed to add class member : Component U3 ATMEGA328*P
Added Member To Class: ClassName=U_stmschematic Member=Component U5 STM32G431RBT6
Add Class Member: Failed to add class member : Component X1 XTAL
