Added Component: Designator=C3(C0805)
Add component (AddParameter): Name = "Value"; Value = "1uf"; VariantName = "[No Variations]"
Added Component: Designator=C4(C0805)
Add component (AddParameter): Name = "Value"; Value = "1uf"; VariantName = "[No Variations]"
Added Component: Designator=napajalnik1(691321100002)
Add component (AddParameter): Name = "Color"; Value = "Green"; VariantName = "[No Variations]"
Add component (AddParameter): Name = "Contact Material"; Value = "Brass"; VariantName = "[No Variations]"
Add component (AddParameter): Name = "Current"; Value = "10A"; VariantName = "[No Variations]"
Add component (AddParameter): Name = "Current Rating"; Value = "10A"; VariantName = "[No Variations]"
Add component (AddParameter): Name = "Gender"; Value = "Male"; VariantName = "[No Variations]"
Add component (AddParameter): Name = "Height"; Value = "7.2mm"; VariantName = "[No Variations]"
Add component (AddParameter): Name = "Lead Free"; Value = "Lead Free"; VariantName = "[No Variations]"
Add component (AddParameter): Name = "Lead Pitch"; Value = "3.5mm"; VariantName = "[No Variations]"
Add component (AddParameter): Name = "Length"; Value = "7mm"; VariantName = "[No Variations]"
Add component (AddParameter): Name = "Max Operating Temperature"; Value = "105°C"; VariantName = "[No Variations]"
Add component (AddParameter): Name = "Min Operating Temperature"; Value = "-40°C"; VariantName = "[No Variations]"
Add component (AddParameter): Name = "Mount"; Value = "Through Hole"; VariantName = "[No Variations]"
Add component (AddParameter): Name = "NexarPartId"; Value = "18818340"; VariantName = "[No Variations]"
Add component (AddParameter): Name = "Number of Contacts"; Value = "2"; VariantName = "[No Variations]"
Add component (AddParameter): Name = "Number of Levels"; Value = "1"; VariantName = "[No Variations]"
Add component (AddParameter): Name = "Number of Pins"; Value = "2"; VariantName = "[No Variations]"
Add component (AddParameter): Name = "Number of Positions Per Level"; Value = "2"; VariantName = "[No Variations]"
Add component (AddParameter): Name = "Number of Rows"; Value = "1"; VariantName = "[No Variations]"
Add component (AddParameter): Name = "Orientation"; Value = "Vertical"; VariantName = "[No Variations]"
Add component (AddParameter): Name = "Packaging"; Value = "Box"; VariantName = "[No Variations]"
Add component (AddParameter): Name = "Pitch"; Value = "3.5052mm"; VariantName = "[No Variations]"
Add component (AddParameter): Name = "REACH SVHC"; Value = "Unknown"; VariantName = "[No Variations]"
Add component (AddParameter): Name = "RoHS"; Value = "Compliant"; VariantName = "[No Variations]"
Add component (AddParameter): Name = "Termination"; Value = "Solder"; VariantName = "[No Variations]"
Add component (AddParameter): Name = "Voltage"; Value = "300V"; VariantName = "[No Variations]"
Add component (AddParameter): Name = "Voltage Rating"; Value = "300V"; VariantName = "[No Variations]"
Add component (AddParameter): Name = "Width"; Value = "8.1mm"; VariantName = "[No Variations]"
Add Component: Footprint Not Found SOT23
Added Component: Designator=R3(R0805)
Add component (AddParameter): Name = "Value"; Value = "100k"; VariantName = "[No Variations]"
Added Component: Designator=zenner1(FAIR-SOD-123-2_V)
Add component (AddParameter): Name = "Category"; Value = "Zenerdiode"; VariantName = "[No Variations]"
Add component (AddParameter): Name = "Configuration"; Value = "1diode"; VariantName = "[No Variations]"
Add component (AddParameter): Name = "Datasheet URL"; Value = "https://www.fairchildsemi.com/datasheets/MM/MMSZ5226B.pdf"; VariantName = "[No Variations]"
Add component (AddParameter): Name = "Datasheet Version"; Value = "Rev. 1.6, 10/2015"; VariantName = "[No Variations]"
Add component (AddParameter): Name = "Enclosure"; Value = "SOD123"; VariantName = "[No Variations]"
Add component (AddParameter): Name = "Forward voltage reference"; Value = "10mA"; VariantName = "[No Variations]"
Add component (AddParameter): Name = "Impedance"; Value = "21O"; VariantName = "[No Variations]"
Add component (AddParameter): Name = "Impedance reference"; Value = "7mA"; VariantName = "[No Variations]"
Add component (AddParameter): Name = "Manuf. Code"; Value = "FSC"; VariantName = "[No Variations]"
Add component (AddParameter): Name = "Manufacturer"; Value = "FairchildSemiconductor"; VariantName = "[No Variations]"
Add component (AddParameter): Name = "Manufacturer URL"; Value = "https://www.fairchildsemi.com/"; VariantName = "[No Variations]"
Add component (AddParameter): Name = "Max. operating temperature"; Value = "+150°C"; VariantName = "[No Variations]"
Add component (AddParameter): Name = "Max. power"; Value = "500mW"; VariantName = "[No Variations]"
Add component (AddParameter): Name = "Mounting Technology"; Value = "SurfaceMount"; VariantName = "[No Variations]"
Add component (AddParameter): Name = "Mounting type"; Value = "Surface-mount"; VariantName = "[No Variations]"
Add component (AddParameter): Name = "Operating temperature (min.)"; Value = "-55°C"; VariantName = "[No Variations]"
Add component (AddParameter): Name = "Package Description"; Value = "2-Pin Surface Mount Device, Body 2.7 x 1.6 mm"; VariantName = "[No Variations]"
Add component (AddParameter): Name = "Package Reference"; Value = "SOD-123-2"; VariantName = "[No Variations]"
Add component (AddParameter): Name = "Residual reverse leakage current"; Value = "0.1µA"; VariantName = "[No Variations]"
Add component (AddParameter): Name = "Type"; Value = "MMSZ5248B"; VariantName = "[No Variations]"
Add component (AddParameter): Name = "UF"; Value = "900mV"; VariantName = "[No Variations]"
Add component (AddParameter): Name = "Uz (max.)"; Value = "18.9V"; VariantName = "[No Variations]"
Add component (AddParameter): Name = "Uz(min.)"; Value = "17.1V"; VariantName = "[No Variations]"
Add component (AddParameter): Name = "Zener voltage"; Value = "18V"; VariantName = "[No Variations]"
Added Pin To Net: NetName=VCC Pin=C3-1
Added Pin To Net: NetName=GND Pin=C3-2
Added Pin To Net: NetName=+3.3 Pin=C4-1
Added Pin To Net: NetName=GND Pin=C4-2
Added Pin To Net: NetName=VCC Pin=napajalnik1-2
Add Pin To Net: Unknown Pin: Pin Q1-2
Added Pin To Net: NetName=VCC Pin=R3-1
Added Pin To Net: NetName=GND Pin=zenner1-1
Added Pin To Net: NetName=Netnapajalnik1_1 Pin=napajalnik1-1
Added Net: Name=Netnapajalnik1_1
Added Pin To Net: NetName=NetQ1_1 Pin=R3-2
Added Pin To Net: NetName=NetQ1_1 Pin=zenner1-2
Added Net: Name=NetQ1_1
Added Member To Class: ClassName=napajalnik3.3 Member=Component C3 1uf
Added Member To Class: ClassName=napajalnik3.3 Member=Component C4 1uf
Added Member To Class: ClassName=napajalnik3.3 Member=Component napajalnik1 napajalnik
Add Class Member: Failed to add class member : Component Q1 SI2323DS-T1-GE3
Added Member To Class: ClassName=napajalnik3.3 Member=Component R3 R1
Added Member To Class: ClassName=napajalnik3.3 Member=Component zenner1 MMSZ5248B
