Change Component Footprint: Designator=C3 Old Footprint=C0805 New Footprint=C0603
Change Component Footprint: Designator=C4 Old Footprint=C0805 New Footprint=C0603
Change Component Footprint: Designator=C5 Old Footprint=C0805 New Footprint=C0603
Change Component Footprint: Designator=C5_U_rele1 Old Footprint=C0805 New Footprint=C0603
Change Component Footprint: Designator=C5_U_rele2 Old Footprint=C0805 New Footprint=C0603
Change Component Footprint: Designator=C5_U_rele3 Old Footprint=C0805 New Footprint=C0603
Change Component Footprint: Designator=C5_U_rele4 Old Footprint=C0805 New Footprint=C0603
Change Component Footprint: Designator=C5_U_rele5 Old Footprint=C0805 New Footprint=C0603
Change Component Footprint: Designator=C5_U_rele6 Old Footprint=C0805 New Footprint=C0603
Change Component Footprint: Designator=C5_U_rele7 Old Footprint=C0805 New Footprint=C0603
Change Component Footprint: Designator=C5_U_rele8 Old Footprint=C0805 New Footprint=C0603
Change Component Footprint: Designator=C5_U_rele9 Old Footprint=C0805 New Footprint=C0603
Change Component Footprint: Designator=C5_U_rele10 Old Footprint=C0805 New Footprint=C0603
Change Component Footprint: Designator=C5_U_rele11 Old Footprint=C0805 New Footprint=C0603
Change Component Footprint: Designator=C11 Old Footprint=C0805 New Footprint=C0603
Change Component Footprint: Designator=C12 Old Footprint=C0805 New Footprint=C0603
Change Component Footprint: Designator=C13 Old Footprint=C0805 New Footprint=C0603
Change Component Footprint: Designator=C14 Old Footprint=C0805 New Footprint=C0603
Change Component Footprint: Designator=C15 Old Footprint=C0805 New Footprint=C0603
Change Component Footprint: Designator=C15_U_i2csensor1 Old Footprint=C0805 New Footprint=C0603
Change Component Footprint: Designator=C15_U_i2csensor2 Old Footprint=C0805 New Footprint=C0603
Change Component Footprint: Designator=C15_U_i2csensor3 Old Footprint=C0805 New Footprint=C0603
Change Component Footprint: Designator=C15_U_i2csensor4 Old Footprint=C0805 New Footprint=C0603
Change Component Footprint: Designator=C15_U_i2csensor5 Old Footprint=C0805 New Footprint=C0603
Change Component Footprint: Designator=C15_U_i2csensor6 Old Footprint=C0805 New Footprint=C0603
Change Component Footprint: Designator=C15_U_i2csensor7 Old Footprint=C0805 New Footprint=C0603
Change Component Footprint: Designator=C15_U_i2csensor8 Old Footprint=C0805 New Footprint=C0603
Change Component Footprint: Designator=C16 Old Footprint=C0805 New Footprint=C0603
Change Component Footprint: Designator=C17 Old Footprint=C0805 New Footprint=C0603
Change Component Footprint: Designator=C18 Old Footprint=C0805 New Footprint=C0603
Change Component Footprint: Designator=C19 Old Footprint=C0805 New Footprint=C0603
Change Component Footprint: Designator=C20 Old Footprint=C0805 New Footprint=C0603
Change Component Footprint: Designator=C21_U_SensorADC1 Old Footprint=C0805 New Footprint=C0603
Change Component Footprint: Designator=C21_U_SensorADC2 Old Footprint=C0805 New Footprint=C0603
Change Component Footprint: Designator=C21_U_SensorADC3 Old Footprint=C0805 New Footprint=C0603
Change Component Footprint: Designator=C21_U_SensorADC4 Old Footprint=C0805 New Footprint=C0603
Change Component Footprint: Designator=R3 Old Footprint=R0805 New Footprint=R0603
Change Component Comment : Designator=C19 Old Comment=0.1uf New Comment=100nF
Change Component Comment : Designator=C20 Old Comment=0.1uF New Comment=100nF
Change component parameters: Designator = "C19" ("C19"); Footprint = "C0805"; UniqueID = "\VDCWICYB" ("\VDCWICYB")
Change component parameters (AddParameter): Name = "Value"; Value = "100nF"; VariantName = "[No Variations]"
Change component parameters: Designator = "C20" ("C20"); Footprint = "C0805"; UniqueID = "\ANYGMJFM" ("\ANYGMJFM")
Change component parameters (AddParameter): Name = "Value"; Value = "100nF"; VariantName = "[No Variations]"
Added Component: Designator=C33(C0603)
Add component (AddParameter): Name = "Value"; Value = "100nF"; VariantName = "[No Variations]"
Add Component: Footprint Not Found WL-SMCW_0603_150060xx75000
Add Component: Footprint Not Found TC2030-IDC-NL
Add Component: Footprint Not Found SOT23
Add Component: Footprint Not Found SOT23
Add Component: Footprint Not Found SOT23
Add Component: Footprint Not Found SOT23
Add Component: Footprint Not Found SOT23
Add Component: Footprint Not Found SOT23
Add Component: Footprint Not Found SOT23
Add Component: Footprint Not Found SOT23
Add Component: Footprint Not Found SOT23
Add Component: Footprint Not Found SOT23
Add Component: Footprint Not Found SOT23
Add Component: Footprint Not Found SOT23
Add Component: Footprint Not Found DIL28-3
Add Component: Footprint Not Found XTAL
Added Pin To Net: NetName=GND Pin=C33-1
Added Pin To Net: NetName=+5 Pin=C33-2
Add Pin To Net: Unknown Pin: Pin D2-1
Add Pin To Net: Unknown Pin: Pin D2-2
Add Pin To Net: Unknown Pin: Pin J1-1
Add Pin To Net: Unknown Pin: Pin J1-2
Add Pin To Net: Unknown Pin: Pin J1-3
Add Pin To Net: Unknown Pin: Pin J1-4
Add Pin To Net: Unknown Pin: Pin J1-5
Add Pin To Net: Unknown Pin: Pin J1-6
Add Pin To Net: Unknown Pin: Pin Q1-1
Add Pin To Net: Unknown Pin: Pin Q1-2
Add Pin To Net: Unknown Pin: Pin Q1-3
Add Pin To Net: Unknown Pin: Pin Q2_U_rele1-1
Add Pin To Net: Unknown Pin: Pin Q2_U_rele1-2
Add Pin To Net: Unknown Pin: Pin Q2_U_rele1-3
Add Pin To Net: Unknown Pin: Pin Q2_U_rele2-1
Add Pin To Net: Unknown Pin: Pin Q2_U_rele2-2
Add Pin To Net: Unknown Pin: Pin Q2_U_rele2-3
Add Pin To Net: Unknown Pin: Pin Q2_U_rele3-1
Add Pin To Net: Unknown Pin: Pin Q2_U_rele3-2
Add Pin To Net: Unknown Pin: Pin Q2_U_rele3-3
Add Pin To Net: Unknown Pin: Pin Q2_U_rele4-1
Add Pin To Net: Unknown Pin: Pin Q2_U_rele4-2
Add Pin To Net: Unknown Pin: Pin Q2_U_rele4-3
Add Pin To Net: Unknown Pin: Pin Q2_U_rele5-1
Add Pin To Net: Unknown Pin: Pin Q2_U_rele5-2
Add Pin To Net: Unknown Pin: Pin Q2_U_rele5-3
Add Pin To Net: Unknown Pin: Pin Q2_U_rele6-1
Add Pin To Net: Unknown Pin: Pin Q2_U_rele6-2
Add Pin To Net: Unknown Pin: Pin Q2_U_rele6-3
Add Pin To Net: Unknown Pin: Pin Q2_U_rele7-1
Add Pin To Net: Unknown Pin: Pin Q2_U_rele7-2
Add Pin To Net: Unknown Pin: Pin Q2_U_rele7-3
Add Pin To Net: Unknown Pin: Pin Q2_U_rele8-1
Add Pin To Net: Unknown Pin: Pin Q2_U_rele8-2
Add Pin To Net: Unknown Pin: Pin Q2_U_rele8-3
Add Pin To Net: Unknown Pin: Pin Q2_U_rele9-1
Add Pin To Net: Unknown Pin: Pin Q2_U_rele9-2
Add Pin To Net: Unknown Pin: Pin Q2_U_rele9-3
Add Pin To Net: Unknown Pin: Pin Q2_U_rele10-1
Add Pin To Net: Unknown Pin: Pin Q2_U_rele10-2
Add Pin To Net: Unknown Pin: Pin Q2_U_rele10-3
Add Pin To Net: Unknown Pin: Pin Q2_U_rele11-1
Add Pin To Net: Unknown Pin: Pin Q2_U_rele11-2
Add Pin To Net: Unknown Pin: Pin Q2_U_rele11-3
Added Pin To Net: NetName=+5 Pin=U1-16
Add Pin To Net: Unknown Pin: Pin U3-1
Add Pin To Net: Unknown Pin: Pin U3-2
Add Pin To Net: Unknown Pin: Pin U3-3
Add Pin To Net: Unknown Pin: Pin U3-4
Add Pin To Net: Unknown Pin: Pin U3-5
Add Pin To Net: Unknown Pin: Pin U3-6
Add Pin To Net: Unknown Pin: Pin U3-7
Add Pin To Net: Unknown Pin: Pin U3-8
Add Pin To Net: Unknown Pin: Pin U3-9
Add Pin To Net: Unknown Pin: Pin U3-10
Add Pin To Net: Unknown Pin: Pin U3-11
Add Pin To Net: Unknown Pin: Pin U3-12
Add Pin To Net: Unknown Pin: Pin U3-13
Add Pin To Net: Unknown Pin: Pin U3-14
Add Pin To Net: Unknown Pin: Pin U3-15
Add Pin To Net: Unknown Pin: Pin U3-16
Add Pin To Net: Unknown Pin: Pin U3-17
Add Pin To Net: Unknown Pin: Pin U3-18
Add Pin To Net: Unknown Pin: Pin U3-19
Add Pin To Net: Unknown Pin: Pin U3-20
Add Pin To Net: Unknown Pin: Pin U3-21
Add Pin To Net: Unknown Pin: Pin U3-22
Add Pin To Net: Unknown Pin: Pin U3-23
Add Pin To Net: Unknown Pin: Pin U3-24
Add Pin To Net: Unknown Pin: Pin U3-25
Add Pin To Net: Unknown Pin: Pin U3-26
Add Pin To Net: Unknown Pin: Pin U3-27
Add Pin To Net: Unknown Pin: Pin U3-28
Add Pin To Net: Unknown Pin: Pin X1-1
Add Pin To Net: Unknown Pin: Pin X1-2
Added Member To Class: ClassName=stmsheet Member=Component C33 100nF
Add Class Member: Failed to add class member : Component D2 Amber, 2V, 140°
Add Class Member: Failed to add class member : Component J1 TC2030-CTX
Add Class Member: Failed to add class member : Component Q1 SI2323DS-T1-GE3
Add Class Member: Failed to add class member : Component Q2_U_rele1 (Q2) SI2323DS-T1-GE3
Add Class Member: Failed to add class member : Component Q2_U_rele2 (Q2) SI2323DS-T1-GE3
Add Class Member: Failed to add class member : Component Q2_U_rele3 (Q2) SI2323DS-T1-GE3
Add Class Member: Failed to add class member : Component Q2_U_rele4 (Q2) SI2323DS-T1-GE3
Add Class Member: Failed to add class member : Component Q2_U_rele5 (Q2) SI2323DS-T1-GE3
Add Class Member: Failed to add class member : Component Q2_U_rele6 (Q2) SI2323DS-T1-GE3
Add Class Member: Failed to add class member : Component Q2_U_rele7 (Q2) SI2323DS-T1-GE3
Add Class Member: Failed to add class member : Component Q2_U_rele8 (Q2) SI2323DS-T1-GE3
Add Class Member: Failed to add class member : Component Q2_U_rele9 (Q2) SI2323DS-T1-GE3
Add Class Member: Failed to add class member : Component Q2_U_rele10 (Q2) SI2323DS-T1-GE3
Add Class Member: Failed to add class member : Component Q2_U_rele11 (Q2) SI2323DS-T1-GE3
Add Class Member: Failed to add class member : Component U3 ATMEGA328*P
Add Class Member: Failed to add class member : Component X1 XTAL
